{
  "RSpec": {
    "coverage": {
      "/home/hschneider/workspace/jekyll-analytics/test/test_all.rb": [
        1,
        1,
        1
      ],
      "/home/hschneider/workspace/jekyll-analytics/test/GoogleAnalyticsTest.rb": [
        1,
        1,
        null,
        1,
        1,
        2,
        1,
        null,
        null,
        1,
        1,
        1,
        null,
        null,
        null,
        null,
        null,
        null,
        null,
        null,
        null,
        null,
        null,
        null,
        null,
        null,
        null,
        null,
        1,
        1,
        1,
        null,
        null,
        null
      ],
      "/home/hschneider/workspace/jekyll-analytics/lib/analytics/GoogleAnalytics.rb": [
        1,
        null,
        1,
        null,
        null,
        null,
        null,
        null,
        null,
        null,
        null,
        null,
        null,
        null,
        null,
        1,
        null,
        1,
        1,
        1,
        null,
        null,
        1,
        4,
        1,
        null,
        null,
        3,
        3,
        3,
        3,
        null,
        null,
        1,
        2,
        null,
        null,
        1,
        null,
        1,
        3,
        null,
        null
      ],
      "/home/hschneider/workspace/jekyll-analytics/test/PiwikTest.rb": [
        1,
        1,
        null,
        1,
        1,
        2,
        2,
        1,
        null,
        null,
        1,
        1,
        1,
        null,
        null,
        null,
        null,
        null,
        null,
        null,
        null,
        null,
        null,
        null,
        null,
        null,
        null,
        null,
        null,
        null,
        null
      ],
      "/home/hschneider/workspace/jekyll-analytics/lib/analytics/Piwik.rb": [
        1,
        1,
        null,
        null,
        null,
        null,
        null,
        null,
        null,
        null,
        null,
        null,
        null,
        null,
        null,
        null,
        null,
        null,
        null,
        null,
        1,
        null,
        null,
        1,
        null,
        1,
        null,
        4,
        1,
        null,
        null,
        3,
        1,
        null,
        null,
        6,
        null,
        null,
        null,
        1,
        1,
        null,
        null
      ],
      "/home/hschneider/workspace/jekyll-analytics/test/mPulseTest.rb": [
        1,
        1,
        null,
        1,
        1,
        2,
        1,
        null,
        null,
        1,
        1,
        1,
        1,
        null,
        null,
        null,
        null,
        null,
        null,
        null,
        null,
        null,
        null,
        null,
        null,
        null,
        null,
        null,
        null,
        null,
        null,
        null,
        null,
        null,
        null,
        null,
        null,
        null,
        null,
        null,
        null,
        null,
        null,
        null,
        null,
        null,
        null,
        null,
        null,
        null,
        null,
        null,
        null,
        null,
        null,
        null,
        null,
        null,
        null,
        1,
        45,
        null,
        null,
        null,
        null,
        null
      ],
      "/home/hschneider/workspace/jekyll-analytics/lib/analytics/MPulse.rb": [
        1,
        null,
        1,
        null,
        null,
        null,
        null,
        null,
        null,
        null,
        null,
        null,
        null,
        null,
        null,
        null,
        null,
        null,
        null,
        null,
        null,
        null,
        null,
        null,
        null,
        null,
        null,
        null,
        null,
        null,
        null,
        null,
        null,
        null,
        null,
        null,
        null,
        null,
        null,
        null,
        null,
        null,
        null,
        null,
        null,
        null,
        null,
        null,
        null,
        1,
        null,
        1,
        3,
        1,
        null,
        null,
        2,
        null,
        null,
        1,
        1,
        null,
        null
      ]
    },
    "timestamp": 1571516249
  },
  "Unit Tests": {
    "coverage": {
      "/home/hschneider/workspace/jekyll-analytics/test/test_all.rb": [
        1,
        1,
        1
      ],
      "/home/hschneider/workspace/jekyll-analytics/test/GoogleAnalyticsTest.rb": [
        1,
        1,
        null,
        1,
        1,
        2,
        1,
        null,
        null,
        1,
        1,
        1,
        null,
        null,
        null,
        null,
        null,
        null,
        null,
        null,
        null,
        null,
        null,
        null,
        null,
        null,
        null,
        null,
        1,
        1,
        1,
        null,
        null,
        null
      ],
      "/home/hschneider/workspace/jekyll-analytics/lib/analytics/GoogleAnalytics.rb": [
        1,
        null,
        1,
        null,
        null,
        null,
        null,
        null,
        null,
        null,
        null,
        null,
        null,
        null,
        null,
        1,
        null,
        1,
        1,
        1,
        null,
        null,
        1,
        4,
        1,
        null,
        null,
        3,
        3,
        3,
        3,
        null,
        null,
        1,
        2,
        null,
        null,
        1,
        null,
        1,
        3,
        null,
        null
      ],
      "/home/hschneider/workspace/jekyll-analytics/test/PiwikTest.rb": [
        1,
        1,
        null,
        1,
        1,
        2,
        2,
        1,
        null,
        null,
        1,
        1,
        1,
        null,
        null,
        null,
        null,
        null,
        null,
        null,
        null,
        null,
        null,
        null,
        null,
        null,
        null,
        null,
        null,
        null,
        null
      ],
      "/home/hschneider/workspace/jekyll-analytics/lib/analytics/Piwik.rb": [
        1,
        1,
        null,
        null,
        null,
        null,
        null,
        null,
        null,
        null,
        null,
        null,
        null,
        null,
        null,
        null,
        null,
        null,
        null,
        null,
        1,
        null,
        null,
        1,
        null,
        1,
        null,
        4,
        1,
        null,
        null,
        3,
        1,
        null,
        null,
        6,
        null,
        null,
        null,
        1,
        1,
        null,
        null
      ],
      "/home/hschneider/workspace/jekyll-analytics/test/mPulseTest.rb": [
        1,
        1,
        null,
        1,
        1,
        2,
        1,
        null,
        null,
        1,
        1,
        1,
        1,
        null,
        null,
        null,
        null,
        null,
        null,
        null,
        null,
        null,
        null,
        null,
        null,
        null,
        null,
        null,
        null,
        null,
        null,
        null,
        null,
        null,
        null,
        null,
        null,
        null,
        null,
        null,
        null,
        null,
        null,
        null,
        null,
        null,
        null,
        null,
        null,
        null,
        null,
        null,
        null,
        null,
        null,
        null,
        null,
        null,
        null,
        1,
        45,
        null,
        null,
        null,
        null,
        null
      ],
      "/home/hschneider/workspace/jekyll-analytics/lib/analytics/MPulse.rb": [
        1,
        null,
        1,
        null,
        null,
        null,
        null,
        null,
        null,
        null,
        null,
        null,
        null,
        null,
        null,
        null,
        null,
        null,
        null,
        null,
        null,
        null,
        null,
        null,
        null,
        null,
        null,
        null,
        null,
        null,
        null,
        null,
        null,
        null,
        null,
        null,
        null,
        null,
        null,
        null,
        null,
        null,
        null,
        null,
        null,
        null,
        null,
        null,
        null,
        1,
        null,
        1,
        3,
        1,
        null,
        null,
        2,
        null,
        null,
        1,
        1,
        null,
        null
      ]
    },
    "timestamp": 1571518780
  }
}
